<?xml version="1.0" encoding="UTF-8"?>
<!-- Generated by org.testng.reporters.JUnitReportReporter -->
<testsuite hostname="EPINHYDW0431" failures="0" tests="2" name="UserLoginTest" time="4.219" errors="0" timestamp="2021-12-06T06:39:35 IST" skipped="0">
  <testcase classname="UserLoginTest" name="faceBookLogin" time="4.170"/>
  <system-out/>
  <testcase classname="UserLoginTest" name="linkedInLogin" time="0.049"/>
  <system-out/>
</testsuite> <!-- UserLoginTest -->
